Arguments: 
  /data/data/com.termux/files/usr/bin/node /data/data/com.termux/files/usr/bin/yarn install --force

PATH: 
  /data/data/com.termux/files/usr/bin

Yarn version: 
  1.22.19

Node version: 
  18.16.1

Platform: 
  android arm

Trace: 
  Error: EPERM: operation not permitted, symlink '../../../js-yaml/bin/js-yaml.js' -> '/storage/emulated/0/DCIM/projects/ShiroBot/node_modules/i18next-node-fs-backend/node_modules/.bin/js-yaml'

npm manifest: 
  {
    "name": "shiro",
    "version": "3.2.2",
    "description": "A No Game No Life discord bot that is made in JavaScript that's using eris.",
    "main": "index.js",
    "engines": {
      "node": ">=14.0.0"
    },
    "scripts": {
      "start": "node ."
    },
    "repository": {
      "type": "git",
      "url": "git+https://github.com/DaviGCD/ShiroBot.git"
    },
    "keywords": [
      "discord-bot",
      "eris"
    ],
    "author": "DaviGC_",
    "license": "ISC",
    "bugs": {
      "url": "https://github.com/DaviGCD/ShiroBot/issues"
    },
    "homepage": "https://github.com/DaviGCD/ShiroBot#readme",
    "dependencies": {
      "@lavacord/eris": "0.0.3",
      "axios": "^1.5.1",
      "eris": "github:abalabahaha/eris#dev",
      "eris-additions": "^1.4.1",
      "i18next": "^17.3.1",
      "i18next-node-fs-backend": "^2.1.3",
      "moment": "^2.29.1",
      "moment-duration-format": "^2.3.2",
      "mongoose": "^7.5.3",
      "parse-duration": "^1.1.0",
      "simple-youtube-api": "^5.2.1"
    },
    "devDependencies": {
      "dotenv": "^16.3.1"
    }
  }

yarn manifest: 
  No manifest

Lockfile: 
  No lockfile
